<?xml version="1.0" encoding="UTF-8"?>
<!-- Generated by org.testng.reporters.JUnitReportReporter -->
<testsuite skipped="0" hostname="Balaji" name="com.priority.Amazon" tests="10" failures="0" timestamp="2022-08-12T00:58:28 IST" time="279.813" errors="1">
  <testcase name="tc01" time="47.737" classname="com.priority.Amazon"/>
  <system-out/>
  <testcase name="tc01" time="16.594" classname="com.priority.Amazon">
    <error type="org.openqa.selenium.WebDriverException" message="chrome not reachable
  (Session info: chrome=104.0.5112.81)
Build info: version: &#039;3.141.59&#039;, revision: &#039;e82be7d358&#039;, time: &#039;2018-11-14T08:17:03&#039;
System info: host: &#039;BALAJI&#039;, ip: &#039;192.168.0.111&#039;, os.name: &#039;Windows 10&#039;, os.arch: &#039;amd64&#039;, os.version: &#039;10.0&#039;, java.version: &#039;1.8.0_202&#039;
Driver info: driver.version: ChromeDriver
remote stacktrace: Backtrace:
	Ordinal0 [0x00B778B3+2193587]
	Ordinal0 [0x00B10681+1771137]
	Ordinal0 [0x00A24070+802928]
	Ordinal0 [0x00A19AB2+760498]
	Ordinal0 [0x00A0BF60+704352]
	Ordinal0 [0x00A72648+1123912]
	Ordinal0 [0x00A7200A+1122314]
	Ordinal0 [0x00A6D5C6+1103302]
	Ordinal0 [0x00A477E0+948192]
	Ordinal0 [0x00A486E6+952038]
	GetHandleVerifier [0x00E20CB2+2738370]
	GetHandleVerifier [0x00E121B8+2678216]
	GetHandleVerifier [0x00C017AA+512954]
	GetHandleVerifier [0x00C00856+509030]
	Ordinal0 [0x00B1743B+1799227]
	Ordinal0 [0x00B1BB68+1817448]
	Ordinal0 [0x00B1BC55+1817685]
	Ordinal0 [0x00B25230+1856048]
	BaseThreadInitThunk [0x76416739+25]
	RtlGetFullPathName_UEx [0x77B190AF+1215]
	RtlGetFullPathName_UEx [0x77B1907D+1165]
">
      <![CDATA[org.openqa.selenium.WebDriverException: chrome not reachable
  (Session info: chrome=104.0.5112.81)
Build info: version: '3.141.59', revision: 'e82be7d358', time: '2018-11-14T08:17:03'
System info: host: 'BALAJI', ip: '192.168.0.111', os.name: 'Windows 10', os.arch: 'amd64', os.version: '10.0', java.version: '1.8.0_202'
Driver info: driver.version: ChromeDriver
remote stacktrace: Backtrace:
Ordinal0 [0x00B778B3+2193587]
Ordinal0 [0x00B10681+1771137]
Ordinal0 [0x00A24070+802928]
Ordinal0 [0x00A19AB2+760498]
Ordinal0 [0x00A0BF60+704352]
Ordinal0 [0x00A72648+1123912]
Ordinal0 [0x00A7200A+1122314]
Ordinal0 [0x00A6D5C6+1103302]
Ordinal0 [0x00A477E0+948192]
Ordinal0 [0x00A486E6+952038]
GetHandleVerifier [0x00E20CB2+2738370]
GetHandleVerifier [0x00E121B8+2678216]
GetHandleVerifier [0x00C017AA+512954]
GetHandleVerifier [0x00C00856+509030]
Ordinal0 [0x00B1743B+1799227]
Ordinal0 [0x00B1BB68+1817448]
Ordinal0 [0x00B1BC55+1817685]
Ordinal0 [0x00B25230+1856048]
BaseThreadInitThunk [0x76416739+25]
RtlGetFullPathName_UEx [0x77B190AF+1215]
RtlGetFullPathName_UEx [0x77B1907D+1165]

at sun.reflect.NativeConstructorAccessorImpl.newInstance0(Native Method)
at sun.reflect.NativeConstructorAccessorImpl.newInstance(Unknown Source)
at sun.reflect.DelegatingConstructorAccessorImpl.newInstance(Unknown Source)
at java.lang.reflect.Constructor.newInstance(Unknown Source)
at org.openqa.selenium.remote.W3CHandshakeResponse.lambda$errorHandler$0(W3CHandshakeResponse.java:62)
at org.openqa.selenium.remote.HandshakeResponse.lambda$getResponseFunction$0(HandshakeResponse.java:30)
at org.openqa.selenium.remote.ProtocolHandshake.lambda$createSession$0(ProtocolHandshake.java:126)
at java.util.stream.ReferencePipeline$3$1.accept(Unknown Source)
at java.util.Spliterators$ArraySpliterator.tryAdvance(Unknown Source)
at java.util.stream.ReferencePipeline.forEachWithCancel(Unknown Source)
at java.util.stream.AbstractPipeline.copyIntoWithCancel(Unknown Source)
at java.util.stream.AbstractPipeline.copyInto(Unknown Source)
at java.util.stream.AbstractPipeline.wrapAndCopyInto(Unknown Source)
at java.util.stream.FindOps$FindOp.evaluateSequential(Unknown Source)
at java.util.stream.AbstractPipeline.evaluate(Unknown Source)
at java.util.stream.ReferencePipeline.findFirst(Unknown Source)
at org.openqa.selenium.remote.ProtocolHandshake.createSession(ProtocolHandshake.java:128)
at org.openqa.selenium.remote.ProtocolHandshake.createSession(ProtocolHandshake.java:74)
at org.openqa.selenium.remote.HttpCommandExecutor.execute(HttpCommandExecutor.java:136)
at org.openqa.selenium.remote.service.DriverCommandExecutor.execute(DriverCommandExecutor.java:83)
at org.openqa.selenium.remote.RemoteWebDriver.execute(RemoteWebDriver.java:552)
at org.openqa.selenium.remote.RemoteWebDriver.startSession(RemoteWebDriver.java:213)
at org.openqa.selenium.remote.RemoteWebDriver.<init>(RemoteWebDriver.java:131)
at org.openqa.selenium.chrome.ChromeDriver.<init>(ChromeDriver.java:181)
at org.openqa.selenium.chrome.ChromeDriver.<init>(ChromeDriver.java:168)
at org.openqa.selenium.chrome.ChromeDriver.<init>(ChromeDriver.java:123)
at com.priority.Amazon.tc01(Amazon.java:19)
at sun.reflect.NativeMethodAccessorImpl.invoke0(Native Method)
at sun.reflect.NativeMethodAccessorImpl.invoke(Unknown Source)
at sun.reflect.DelegatingMethodAccessorImpl.invoke(Unknown Source)
at java.lang.reflect.Method.invoke(Unknown Source)
at org.testng.internal.MethodInvocationHelper.invokeMethod(MethodInvocationHelper.java:133)
at org.testng.internal.TestInvoker.invokeMethod(TestInvoker.java:598)
at org.testng.internal.TestInvoker.invokeTestMethod(TestInvoker.java:173)
at org.testng.internal.MethodRunner.runInSequence(MethodRunner.java:46)
at org.testng.internal.TestInvoker$MethodInvocationAgent.invoke(TestInvoker.java:824)
at org.testng.internal.TestInvoker.invokeTestMethods(TestInvoker.java:146)
at org.testng.internal.TestMethodWorker.invokeTestMethods(TestMethodWorker.java:146)
at org.testng.internal.TestMethodWorker.run(TestMethodWorker.java:128)
at java.util.ArrayList.forEach(Unknown Source)
at org.testng.TestRunner.privateRun(TestRunner.java:794)
at org.testng.TestRunner.run(TestRunner.java:596)
at org.testng.SuiteRunner.runTest(SuiteRunner.java:377)
at org.testng.SuiteRunner.runSequentially(SuiteRunner.java:371)
at org.testng.SuiteRunner.privateRun(SuiteRunner.java:332)
at org.testng.SuiteRunner.run(SuiteRunner.java:276)
at org.testng.SuiteRunnerWorker.runSuite(SuiteRunnerWorker.java:53)
at org.testng.SuiteRunnerWorker.run(SuiteRunnerWorker.java:96)
at org.testng.TestNG.runSuitesSequentially(TestNG.java:1212)
at org.testng.TestNG.runSuitesLocally(TestNG.java:1134)
at org.testng.TestNG.runSuites(TestNG.java:1063)
at org.testng.TestNG.run(TestNG.java:1031)
at org.testng.remote.AbstractRemoteTestNG.run(AbstractRemoteTestNG.java:115)
at org.testng.remote.RemoteTestNG.initAndRun(RemoteTestNG.java:251)
at org.testng.remote.RemoteTestNG.main(RemoteTestNG.java:77)
]]>
    </error>
  </testcase> <!-- tc01 -->
  <system-out/>
  <testcase name="tc01" time="14.722" classname="com.priority.Amazon"/>
  <system-out/>
  <testcase name="tc01" time="16.340" classname="com.priority.Amazon"/>
  <system-out/>
  <testcase name="tc01" time="48.537" classname="com.priority.Amazon"/>
  <system-out/>
  <testcase name="tc01" time="13.127" classname="com.priority.Amazon"/>
  <system-out/>
  <testcase name="tc01" time="11.035" classname="com.priority.Amazon"/>
  <system-out/>
  <testcase name="tc01" time="28.982" classname="com.priority.Amazon"/>
  <system-out/>
  <testcase name="tc01" time="64.829" classname="com.priority.Amazon"/>
  <system-out/>
  <testcase name="tc01" time="17.910" classname="com.priority.Amazon"/>
  <system-out/>
</testsuite> <!-- com.priority.Amazon -->
